2025-09-15 13:23:43,215 - MainThread - dotenv.main - WARNING - python-dotenv could not parse statement starting at line 1 (main.py:27)
2025-09-15 13:23:43,573 - MainThread - sqlmesh.core.config.connection - INFO - Creating new DuckDB adapter for data files: {'md:livestream?motherduck_token=*************************************************************************************************************************************************************************************************************************************************************************************************************************************************************************************************************************************'} (connection.py:489)
2025-09-15 13:23:43,989 - MainThread - sqlmesh.core.config.connection - INFO - Creating new DuckDB adapter for in-memory database (connection.py:491)
2025-09-15 13:23:44,054 - MainThread - sqlmesh.core.config.connection - INFO - Using existing DuckDB adapter due to overlapping data file: md:livestream?motherduck_token=************************************************************************************************************************************************************************************************************************************************************************************************************************************************************************************************************************************* (connection.py:479)
2025-09-15 13:23:44,055 - MainThread - sqlmesh.core.console - WARNING - The motherduck engine is not recommended for storing SQLMesh state in production deployments. Please see https://sqlmesh.readthedocs.io/en/stable/guides/configuration/#state-connection for a list of recommended engines and more information. (console.py:2260)
2025-09-15 13:23:51,335 - MainThread - sqlmesh.core.state_sync.db.migrator - INFO - Applying migration <module 'sqlmesh.migrations.v0000_baseline' from '/home/josh/live/lib/python3.10/site-packages/sqlmesh/migrations/v0000_baseline.py'> (migrator.py:186)
2025-09-15 13:23:54,339 - MainThread - sqlmesh.core.state_sync.db.migrator - INFO - Applying migration <module 'sqlmesh.migrations.v0061_mysql_fix_blob_text_type' from '/home/josh/live/lib/python3.10/site-packages/sqlmesh/migrations/v0061_mysql_fix_blob_text_type.py'> (migrator.py:186)
2025-09-15 13:23:54,340 - MainThread - sqlmesh.core.state_sync.db.migrator - INFO - Applying migration <module 'sqlmesh.migrations.v0062_add_model_gateway' from '/home/josh/live/lib/python3.10/site-packages/sqlmesh/migrations/v0062_add_model_gateway.py'> (migrator.py:186)
2025-09-15 13:23:54,341 - MainThread - sqlmesh.core.state_sync.db.migrator - INFO - Applying migration <module 'sqlmesh.migrations.v0063_change_signals' from '/home/josh/live/lib/python3.10/site-packages/sqlmesh/migrations/v0063_change_signals.py'> (migrator.py:186)
2025-09-15 13:23:54,341 - MainThread - sqlmesh.core.state_sync.db.migrator - INFO - Applying migration <module 'sqlmesh.migrations.v0064_join_when_matched_strings' from '/home/josh/live/lib/python3.10/site-packages/sqlmesh/migrations/v0064_join_when_matched_strings.py'> (migrator.py:186)
2025-09-15 13:23:54,342 - MainThread - sqlmesh.core.state_sync.db.migrator - INFO - Applying migration <module 'sqlmesh.migrations.v0065_add_model_optimize' from '/home/josh/live/lib/python3.10/site-packages/sqlmesh/migrations/v0065_add_model_optimize.py'> (migrator.py:186)
2025-09-15 13:23:54,342 - MainThread - sqlmesh.core.state_sync.db.migrator - INFO - Applying migration <module 'sqlmesh.migrations.v0066_add_auto_restatements' from '/home/josh/live/lib/python3.10/site-packages/sqlmesh/migrations/v0066_add_auto_restatements.py'> (migrator.py:186)
2025-09-15 13:23:55,415 - MainThread - sqlmesh.core.state_sync.db.migrator - INFO - Applying migration <module 'sqlmesh.migrations.v0067_add_tsql_date_full_precision' from '/home/josh/live/lib/python3.10/site-packages/sqlmesh/migrations/v0067_add_tsql_date_full_precision.py'> (migrator.py:186)
2025-09-15 13:23:55,415 - MainThread - sqlmesh.core.state_sync.db.migrator - INFO - Applying migration <module 'sqlmesh.migrations.v0068_include_unrendered_query_in_metadata_hash' from '/home/josh/live/lib/python3.10/site-packages/sqlmesh/migrations/v0068_include_unrendered_query_in_metadata_hash.py'> (migrator.py:186)
2025-09-15 13:23:55,416 - MainThread - sqlmesh.core.state_sync.db.migrator - INFO - Applying migration <module 'sqlmesh.migrations.v0069_update_dev_table_suffix' from '/home/josh/live/lib/python3.10/site-packages/sqlmesh/migrations/v0069_update_dev_table_suffix.py'> (migrator.py:186)
2025-09-15 13:23:55,416 - MainThread - sqlmesh.core.state_sync.db.migrator - INFO - Applying migration <module 'sqlmesh.migrations.v0070_include_grains_in_metadata_hash' from '/home/josh/live/lib/python3.10/site-packages/sqlmesh/migrations/v0070_include_grains_in_metadata_hash.py'> (migrator.py:186)
2025-09-15 13:23:55,416 - MainThread - sqlmesh.core.state_sync.db.migrator - INFO - Applying migration <module 'sqlmesh.migrations.v0071_add_dev_version_to_intervals' from '/home/josh/live/lib/python3.10/site-packages/sqlmesh/migrations/v0071_add_dev_version_to_intervals.py'> (migrator.py:186)
2025-09-15 13:23:56,060 - MainThread - sqlmesh.core.state_sync.db.migrator - INFO - Applying migration <module 'sqlmesh.migrations.v0072_add_environment_statements' from '/home/josh/live/lib/python3.10/site-packages/sqlmesh/migrations/v0072_add_environment_statements.py'> (migrator.py:186)
2025-09-15 13:23:56,853 - MainThread - sqlmesh.core.state_sync.db.migrator - INFO - Applying migration <module 'sqlmesh.migrations.v0073_remove_symbolic_disable_restatement' from '/home/josh/live/lib/python3.10/site-packages/sqlmesh/migrations/v0073_remove_symbolic_disable_restatement.py'> (migrator.py:186)
2025-09-15 13:23:56,854 - MainThread - sqlmesh.core.state_sync.db.migrator - INFO - Applying migration <module 'sqlmesh.migrations.v0074_add_partition_by_time_column_property' from '/home/josh/live/lib/python3.10/site-packages/sqlmesh/migrations/v0074_add_partition_by_time_column_property.py'> (migrator.py:186)
2025-09-15 13:23:56,855 - MainThread - sqlmesh.core.state_sync.db.migrator - INFO - Applying migration <module 'sqlmesh.migrations.v0075_remove_validate_query' from '/home/josh/live/lib/python3.10/site-packages/sqlmesh/migrations/v0075_remove_validate_query.py'> (migrator.py:186)
2025-09-15 13:23:56,856 - MainThread - sqlmesh.core.state_sync.db.migrator - INFO - Applying migration <module 'sqlmesh.migrations.v0076_add_cron_tz' from '/home/josh/live/lib/python3.10/site-packages/sqlmesh/migrations/v0076_add_cron_tz.py'> (migrator.py:186)
2025-09-15 13:23:56,862 - MainThread - sqlmesh.core.state_sync.db.migrator - INFO - Applying migration <module 'sqlmesh.migrations.v0077_fix_column_type_hash_calculation' from '/home/josh/live/lib/python3.10/site-packages/sqlmesh/migrations/v0077_fix_column_type_hash_calculation.py'> (migrator.py:186)
2025-09-15 13:23:56,865 - MainThread - sqlmesh.core.state_sync.db.migrator - INFO - Applying migration <module 'sqlmesh.migrations.v0078_warn_if_non_migratable_python_env' from '/home/josh/live/lib/python3.10/site-packages/sqlmesh/migrations/v0078_warn_if_non_migratable_python_env.py'> (migrator.py:186)
2025-09-15 13:23:56,868 - MainThread - sqlmesh.core.state_sync.db.migrator - INFO - Applying migration <module 'sqlmesh.migrations.v0079_add_gateway_managed_property' from '/home/josh/live/lib/python3.10/site-packages/sqlmesh/migrations/v0079_add_gateway_managed_property.py'> (migrator.py:186)
2025-09-15 13:23:57,601 - MainThread - sqlmesh.core.state_sync.db.migrator - INFO - Applying migration <module 'sqlmesh.migrations.v0080_add_batch_size_to_scd_type_2_models' from '/home/josh/live/lib/python3.10/site-packages/sqlmesh/migrations/v0080_add_batch_size_to_scd_type_2_models.py'> (migrator.py:186)
2025-09-15 13:23:57,602 - MainThread - sqlmesh.core.state_sync.db.migrator - INFO - Applying migration <module 'sqlmesh.migrations.v0081_update_partitioned_by' from '/home/josh/live/lib/python3.10/site-packages/sqlmesh/migrations/v0081_update_partitioned_by.py'> (migrator.py:186)
2025-09-15 13:23:57,603 - MainThread - sqlmesh.core.state_sync.db.migrator - INFO - Applying migration <module 'sqlmesh.migrations.v0082_warn_if_incorrectly_duplicated_statements' from '/home/josh/live/lib/python3.10/site-packages/sqlmesh/migrations/v0082_warn_if_incorrectly_duplicated_statements.py'> (migrator.py:186)
2025-09-15 13:23:57,603 - MainThread - sqlmesh.core.state_sync.db.migrator - INFO - Applying migration <module 'sqlmesh.migrations.v0083_use_sql_for_scd_time_data_type_data_hash' from '/home/josh/live/lib/python3.10/site-packages/sqlmesh/migrations/v0083_use_sql_for_scd_time_data_type_data_hash.py'> (migrator.py:186)
2025-09-15 13:23:57,604 - MainThread - sqlmesh.core.state_sync.db.migrator - INFO - Applying migration <module 'sqlmesh.migrations.v0084_normalize_quote_when_matched_and_merge_filter' from '/home/josh/live/lib/python3.10/site-packages/sqlmesh/migrations/v0084_normalize_quote_when_matched_and_merge_filter.py'> (migrator.py:186)
2025-09-15 13:23:57,604 - MainThread - sqlmesh.core.state_sync.db.migrator - INFO - Applying migration <module 'sqlmesh.migrations.v0085_deterministic_repr' from '/home/josh/live/lib/python3.10/site-packages/sqlmesh/migrations/v0085_deterministic_repr.py'> (migrator.py:186)
2025-09-15 13:23:57,605 - MainThread - sqlmesh.core.state_sync.db.migrator - INFO - Applying migration <module 'sqlmesh.migrations.v0086_check_deterministic_bug' from '/home/josh/live/lib/python3.10/site-packages/sqlmesh/migrations/v0086_check_deterministic_bug.py'> (migrator.py:186)
2025-09-15 13:23:57,605 - MainThread - sqlmesh.core.state_sync.db.migrator - INFO - Applying migration <module 'sqlmesh.migrations.v0087_normalize_blueprint_variables' from '/home/josh/live/lib/python3.10/site-packages/sqlmesh/migrations/v0087_normalize_blueprint_variables.py'> (migrator.py:186)
2025-09-15 13:23:57,606 - MainThread - sqlmesh.core.state_sync.db.migrator - INFO - Applying migration <module 'sqlmesh.migrations.v0088_warn_about_variable_python_env_diffs' from '/home/josh/live/lib/python3.10/site-packages/sqlmesh/migrations/v0088_warn_about_variable_python_env_diffs.py'> (migrator.py:186)
2025-09-15 13:23:57,606 - MainThread - sqlmesh.core.state_sync.db.migrator - INFO - Applying migration <module 'sqlmesh.migrations.v0089_add_virtual_environment_mode' from '/home/josh/live/lib/python3.10/site-packages/sqlmesh/migrations/v0089_add_virtual_environment_mode.py'> (migrator.py:186)
2025-09-15 13:23:57,606 - MainThread - sqlmesh.core.state_sync.db.migrator - INFO - Applying migration <module 'sqlmesh.migrations.v0090_add_forward_only_column' from '/home/josh/live/lib/python3.10/site-packages/sqlmesh/migrations/v0090_add_forward_only_column.py'> (migrator.py:186)
2025-09-15 13:23:58,236 - MainThread - sqlmesh.core.state_sync.db.migrator - INFO - Applying migration <module 'sqlmesh.migrations.v0091_on_additive_change' from '/home/josh/live/lib/python3.10/site-packages/sqlmesh/migrations/v0091_on_additive_change.py'> (migrator.py:186)
2025-09-15 13:23:58,237 - MainThread - sqlmesh.core.state_sync.db.migrator - INFO - Applying migration <module 'sqlmesh.migrations.v0092_warn_about_dbt_data_type_diff' from '/home/josh/live/lib/python3.10/site-packages/sqlmesh/migrations/v0092_warn_about_dbt_data_type_diff.py'> (migrator.py:186)
2025-09-15 13:23:58,238 - MainThread - sqlmesh.core.state_sync.db.migrator - INFO - Applying migration <module 'sqlmesh.migrations.v0093_use_raw_sql_in_fingerprint' from '/home/josh/live/lib/python3.10/site-packages/sqlmesh/migrations/v0093_use_raw_sql_in_fingerprint.py'> (migrator.py:186)
2025-09-15 13:23:58,238 - MainThread - sqlmesh.core.state_sync.db.migrator - INFO - Applying migration <module 'sqlmesh.migrations.v0094_add_dev_version_and_fingerprint_columns' from '/home/josh/live/lib/python3.10/site-packages/sqlmesh/migrations/v0094_add_dev_version_and_fingerprint_columns.py'> (migrator.py:186)
2025-09-15 13:23:59,579 - MainThread - sqlmesh.core.state_sync.db.migrator - INFO - Applying migration <module 'sqlmesh.migrations.v0095_warn_about_dbt_raw_sql_diff' from '/home/josh/live/lib/python3.10/site-packages/sqlmesh/migrations/v0095_warn_about_dbt_raw_sql_diff.py'> (migrator.py:186)
2025-09-15 13:23:59,580 - MainThread - sqlmesh.core.state_sync.db.migrator - INFO - Applying migration <module 'sqlmesh.migrations.v0096_remove_plan_dags_table' from '/home/josh/live/lib/python3.10/site-packages/sqlmesh/migrations/v0096_remove_plan_dags_table.py'> (migrator.py:186)
2025-09-15 13:23:59,826 - MainThread - sqlmesh.core.state_sync.db.migrator - INFO - Applying migration <module 'sqlmesh.migrations.v0097_add_dbt_name_in_node' from '/home/josh/live/lib/python3.10/site-packages/sqlmesh/migrations/v0097_add_dbt_name_in_node.py'> (migrator.py:186)
2025-09-15 13:24:00,089 - MainThread - sqlmesh.core.state_sync.db.migrator - INFO - Fetching environments (migrator.py:208)
2025-09-15 13:24:00,335 - MainThread - sqlmesh.core.state_sync.db.migrator - INFO - Migrating snapshot rows... (migrator.py:225)
2025-09-15 13:24:00,338 - MainThread - sqlmesh.core.state_sync.db.migrator - INFO - No changes to snapshots detected (migrator.py:218)
2025-09-15 13:24:44,418 - MainThread - sqlmesh.core.plan.evaluator - INFO - Evaluating plan stage CreateSnapshotRecordsStage (evaluator.py:125)
2025-09-15 13:24:45,121 - MainThread - sqlmesh.core.plan.evaluator - INFO - Evaluating plan stage PhysicalLayerSchemaCreationStage (evaluator.py:125)
2025-09-15 13:24:45,123 - MainThread - sqlmesh.core.snapshot.evaluator - INFO - Creating schema 'livestream.sqlmesh__sqlmesh_example' (evaluator.py:1360)
2025-09-15 13:24:45,124 - MainThread - sqlmesh.core.engine_adapter.base - INFO - Executing SQL: /* SQLMESH_PLAN: d6075ab918e84297a47b004fe622065f */ CREATE SCHEMA IF NOT EXISTS "livestream"."sqlmesh__sqlmesh_example" (base.py:2466)
2025-09-15 13:24:45,647 - MainThread - sqlmesh.core.plan.evaluator - INFO - Evaluating plan stage BackfillStage (evaluator.py:125)
2025-09-15 13:24:45,654 - MainThread - sqlmesh.core.snapshot.evaluator - INFO - Listing data objects in schema livestream.sqlmesh__sqlmesh_example (evaluator.py:1463)
2025-09-15 13:24:45,654 - MainThread - sqlmesh.core.engine_adapter.base - INFO - Executing SQL: /* SQLMESH_PLAN: d6075ab918e84297a47b004fe622065f */ SELECT
  CURRENT_CATALOG() (base.py:2466)
2025-09-15 13:24:45,656 - MainThread - sqlmesh.core.engine_adapter.base - INFO - Executing SQL: /* SQLMESH_PLAN: d6075ab918e84297a47b004fe622065f */ SELECT
  CURRENT_CATALOG() (base.py:2466)
2025-09-15 13:24:45,659 - MainThread - sqlmesh.core.engine_adapter.base - INFO - Executing SQL: /* SQLMESH_PLAN: d6075ab918e84297a47b004fe622065f */ SELECT
  table_name AS name,
  table_schema AS schema,
  CASE table_type
    WHEN 'BASE TABLE'
    THEN 'table'
    WHEN 'VIEW'
    THEN 'view'
    WHEN 'LOCAL TEMPORARY'
    THEN 'table'
  END AS type
FROM system.information_schema.tables
WHERE
  (
    table_catalog = 'livestream' AND table_schema = 'sqlmesh__sqlmesh_example'
  )
  AND table_name IN (
    'sqlmesh_example__seed_model__3896887493',
    'sqlmesh_example__incremental_model__2019538',
    'sqlmesh_example__full_model__3532441660'
  ) (base.py:2466)
2025-09-15 13:24:45,667 - MainThread - sqlmesh.core.snapshot.evaluator - INFO - Evaluating snapshot SnapshotId<"livestream"."sqlmesh_example"."seed_model": 2901089666> (evaluator.py:701)
2025-09-15 13:24:45,670 - MainThread - sqlmesh.core.snapshot.evaluator - INFO - Creating table 'livestream.sqlmesh__sqlmesh_example.sqlmesh_example__seed_model__3896887493' (evaluator.py:1768)
2025-09-15 13:24:45,671 - MainThread - sqlmesh.core.engine_adapter.base - INFO - Executing SQL: /* SQLMESH_PLAN: d6075ab918e84297a47b004fe622065f */ SELECT
  CURRENT_CATALOG() (base.py:2466)
2025-09-15 13:24:45,673 - MainThread - sqlmesh.core.engine_adapter.base - INFO - Executing SQL: /* SQLMESH_PLAN: d6075ab918e84297a47b004fe622065f */ SELECT
  type
FROM DUCKDB_DATABASES()
WHERE
  database_name = 'livestream' (base.py:2466)
2025-09-15 13:24:45,675 - MainThread - sqlmesh.core.engine_adapter.base - INFO - Executing SQL: /* SQLMESH_PLAN: d6075ab918e84297a47b004fe622065f */ CREATE TABLE IF NOT EXISTS "livestream"."sqlmesh__sqlmesh_example"."sqlmesh_example__seed_model__3896887493" (
  "id" INT,
  "item_id" INT,
  "event_date" DATE
) (base.py:2466)
2025-09-15 13:24:46,639 - MainThread - sqlmesh.core.engine_adapter.base - INFO - Executing SQL: /* SQLMESH_PLAN: d6075ab918e84297a47b004fe622065f */ SELECT
  CURRENT_CATALOG() (base.py:2466)
2025-09-15 13:24:46,641 - MainThread - sqlmesh.core.engine_adapter.base - INFO - Executing SQL: /* SQLMESH_PLAN: d6075ab918e84297a47b004fe622065f */ SELECT
  CURRENT_CATALOG() (base.py:2466)
2025-09-15 13:24:46,643 - MainThread - sqlmesh.core.engine_adapter.base - INFO - Executing SQL: /* SQLMESH_PLAN: d6075ab918e84297a47b004fe622065f */ SELECT
  table_name AS name,
  table_schema AS schema,
  CASE table_type
    WHEN 'BASE TABLE'
    THEN 'table'
    WHEN 'VIEW'
    THEN 'view'
    WHEN 'LOCAL TEMPORARY'
    THEN 'table'
  END AS type
FROM system.information_schema.tables
WHERE
  (
    table_catalog = 'livestream' AND table_schema = 'sqlmesh__sqlmesh_example'
  )
  AND table_name IN ('sqlmesh_example__seed_model__3896887493') (base.py:2466)
2025-09-15 13:24:47,355 - MainThread - sqlmesh.core.engine_adapter.base - INFO - Executing SQL: /* SQLMESH_PLAN: d6075ab918e84297a47b004fe622065f */ SELECT
  CURRENT_CATALOG() (base.py:2466)
2025-09-15 13:24:47,357 - MainThread - sqlmesh.core.engine_adapter.base - INFO - Executing SQL: /* SQLMESH_PLAN: d6075ab918e84297a47b004fe622065f */ SELECT
  type
FROM DUCKDB_DATABASES()
WHERE
  database_name = 'livestream' (base.py:2466)
2025-09-15 13:24:47,358 - MainThread - sqlmesh.core.engine_adapter.base - INFO - Executing SQL: /* SQLMESH_PLAN: d6075ab918e84297a47b004fe622065f */ CREATE OR REPLACE TABLE "livestream"."sqlmesh__sqlmesh_example"."sqlmesh_example__seed_model__3896887493" AS
SELECT
  CAST("id" AS INT) AS "id",
  CAST("item_id" AS INT) AS "item_id",
  CAST("event_date" AS DATE) AS "event_date"
FROM (
  SELECT
    "id",
    "item_id",
    "event_date"
  FROM "livestream"."sqlmesh__sqlmesh_example"."__temp_sqlmesh_example__seed_model__3896887493_mob7uh6e"
) AS "_subquery" (base.py:2466)
2025-09-15 13:24:47,837 - MainThread - sqlmesh.core.engine_adapter.base - INFO - Executing SQL: /* SQLMESH_PLAN: d6075ab918e84297a47b004fe622065f */ DROP TABLE IF EXISTS "livestream"."sqlmesh__sqlmesh_example"."__temp_sqlmesh_example__seed_model__3896887493_mob7uh6e" (base.py:2466)
2025-09-15 13:24:48,301 - MainThread - sqlmesh.core.state_sync.db.facade - INFO - Adding interval (2025-09-14 00:00:00, 2025-09-15 00:00:00) for snapshot SnapshotId<"livestream"."sqlmesh_example"."seed_model": 2901089666> (facade.py:622)
2025-09-15 13:24:48,302 - MainThread - sqlmesh.core.state_sync.db.interval - INFO - Pushing intervals for snapshot SnapshotId<"livestream"."sqlmesh_example"."seed_model": 2901089666> (interval.py:214)
2025-09-15 13:24:51,619 - MainThread - sqlmesh.core.snapshot.evaluator - INFO - Creating a physical table for snapshot SnapshotId<"livestream"."sqlmesh_example"."incremental_model": 225508388> (evaluator.py:838)
2025-09-15 13:24:51,627 - MainThread - sqlmesh.core.snapshot.evaluator - INFO - Creating table 'livestream.sqlmesh__sqlmesh_example.sqlmesh_example__incremental_model__2019538' (evaluator.py:1768)
2025-09-15 13:24:51,629 - MainThread - sqlmesh.core.engine_adapter.base - INFO - Executing SQL: /* SQLMESH_PLAN: d6075ab918e84297a47b004fe622065f */ SELECT
  CURRENT_CATALOG() (base.py:2466)
2025-09-15 13:24:51,630 - MainThread - sqlmesh.core.engine_adapter.base - INFO - Executing SQL: /* SQLMESH_PLAN: d6075ab918e84297a47b004fe622065f */ SELECT
  type
FROM DUCKDB_DATABASES()
WHERE
  database_name = 'livestream' (base.py:2466)
2025-09-15 13:24:51,632 - MainThread - sqlmesh.core.engine_adapter.base - INFO - Executing SQL: /* SQLMESH_PLAN: d6075ab918e84297a47b004fe622065f */ CREATE TABLE IF NOT EXISTS "livestream"."sqlmesh__sqlmesh_example"."sqlmesh_example__incremental_model__2019538" (
  "id" INT,
  "item_id" INT,
  "event_date" DATE
) (base.py:2466)
2025-09-15 13:24:52,089 - MainThread - sqlmesh.core.snapshot.evaluator - INFO - Dry running model 'sqlmesh_example.incremental_model' (evaluator.py:1790)
2025-09-15 13:24:52,091 - MainThread - sqlmesh.core.engine_adapter.base - INFO - Executing SQL: /* SQLMESH_PLAN: d6075ab918e84297a47b004fe622065f */ SELECT
  "seed_model"."id" AS "id",
  "seed_model"."item_id" AS "item_id",
  "seed_model"."event_date" AS "event_date"
FROM "livestream"."sqlmesh__sqlmesh_example"."sqlmesh_example__seed_model__3896887493" AS "seed_model"
WHERE
  (
    "seed_model"."event_date" <= CAST('1970-01-01' AS DATE)
    AND "seed_model"."event_date" >= CAST('1970-01-01' AS DATE)
  )
  AND FALSE
LIMIT 0 (base.py:2466)
2025-09-15 13:24:52,093 - MainThread - sqlmesh.core.snapshot.evaluator - INFO - Evaluating snapshot SnapshotId<"livestream"."sqlmesh_example"."incremental_model": 225508388> (evaluator.py:701)
2025-09-15 13:24:52,094 - MainThread - sqlmesh.core.snapshot.evaluator - INFO - Inserting data for snapshot SnapshotId<"livestream"."sqlmesh_example"."incremental_model": 225508388> (evaluator.py:910)
2025-09-15 13:24:52,102 - MainThread - sqlmesh.core.snapshot.evaluator - INFO - Inserting batch (2020-01-01 00:00:00, 2025-09-15 00:00:00) into livestream.sqlmesh__sqlmesh_example.sqlmesh_example__incremental_model__2019538' (evaluator.py:940)
2025-09-15 13:24:52,103 - MainThread - sqlmesh.core.engine_adapter.base - INFO - Executing SQL: /* SQLMESH_PLAN: d6075ab918e84297a47b004fe622065f */ DELETE FROM "livestream"."sqlmesh__sqlmesh_example"."sqlmesh_example__incremental_model__2019538"
WHERE
  "event_date" BETWEEN CAST('2020-01-01' AS DATE) AND CAST('2025-09-14' AS DATE) (base.py:2466)
2025-09-15 13:24:52,341 - MainThread - sqlmesh.core.engine_adapter.base - INFO - Executing SQL: /* SQLMESH_PLAN: d6075ab918e84297a47b004fe622065f */ INSERT INTO "livestream"."sqlmesh__sqlmesh_example"."sqlmesh_example__incremental_model__2019538" (
  "id",
  "item_id",
  "event_date"
)
SELECT
  "id",
  "item_id",
  "event_date"
FROM (
  SELECT
    "seed_model"."id" AS "id",
    "seed_model"."item_id" AS "item_id",
    "seed_model"."event_date" AS "event_date"
  FROM "livestream"."sqlmesh__sqlmesh_example"."sqlmesh_example__seed_model__3896887493" AS "seed_model"
  WHERE
    "seed_model"."event_date" <= CAST('2025-09-14' AS DATE)
    AND "seed_model"."event_date" >= CAST('2020-01-01' AS DATE)
) AS "_subquery"
WHERE
  "event_date" BETWEEN CAST('2020-01-01' AS DATE) AND CAST('2025-09-14' AS DATE) (base.py:2466)
2025-09-15 13:24:53,045 - MainThread - sqlmesh.core.state_sync.db.facade - INFO - Adding interval (2020-01-01 00:00:00, 2025-09-15 00:00:00) for snapshot SnapshotId<"livestream"."sqlmesh_example"."incremental_model": 225508388> (facade.py:622)
2025-09-15 13:24:53,046 - MainThread - sqlmesh.core.state_sync.db.interval - INFO - Pushing intervals for snapshot SnapshotId<"livestream"."sqlmesh_example"."incremental_model": 225508388> (interval.py:214)
2025-09-15 13:24:54,799 - MainThread - sqlmesh.core.snapshot.evaluator - INFO - Evaluating snapshot SnapshotId<"livestream"."sqlmesh_example"."full_model": 381372269> (evaluator.py:701)
2025-09-15 13:24:54,800 - MainThread - sqlmesh.core.snapshot.evaluator - INFO - Inserting data for snapshot SnapshotId<"livestream"."sqlmesh_example"."full_model": 381372269> (evaluator.py:910)
2025-09-15 13:24:54,813 - MainThread - sqlmesh.core.snapshot.evaluator - INFO - Inserting batch (2025-09-14 00:00:00, 2025-09-15 00:00:00) into livestream.sqlmesh__sqlmesh_example.sqlmesh_example__full_model__3532441660' (evaluator.py:940)
2025-09-15 13:24:54,814 - MainThread - sqlmesh.core.engine_adapter.base - INFO - Executing SQL: /* SQLMESH_PLAN: d6075ab918e84297a47b004fe622065f */ SELECT
  CURRENT_CATALOG() (base.py:2466)
2025-09-15 13:24:54,816 - MainThread - sqlmesh.core.engine_adapter.base - INFO - Executing SQL: /* SQLMESH_PLAN: d6075ab918e84297a47b004fe622065f */ SELECT
  CURRENT_CATALOG() (base.py:2466)
2025-09-15 13:24:54,821 - MainThread - sqlmesh.core.engine_adapter.base - INFO - Executing SQL: /* SQLMESH_PLAN: d6075ab918e84297a47b004fe622065f */ SELECT
  table_name AS name,
  table_schema AS schema,
  CASE table_type
    WHEN 'BASE TABLE'
    THEN 'table'
    WHEN 'VIEW'
    THEN 'view'
    WHEN 'LOCAL TEMPORARY'
    THEN 'table'
  END AS type
FROM system.information_schema.tables
WHERE
  (
    table_catalog = 'livestream' AND table_schema = 'sqlmesh__sqlmesh_example'
  )
  AND table_name IN ('sqlmesh_example__full_model__3532441660') (base.py:2466)
2025-09-15 13:24:54,831 - MainThread - sqlmesh.core.engine_adapter.base - INFO - Executing SQL: /* SQLMESH_PLAN: d6075ab918e84297a47b004fe622065f */ SELECT
  CURRENT_CATALOG() (base.py:2466)
2025-09-15 13:24:54,839 - MainThread - sqlmesh.core.engine_adapter.base - INFO - Executing SQL: /* SQLMESH_PLAN: d6075ab918e84297a47b004fe622065f */ SELECT
  type
FROM DUCKDB_DATABASES()
WHERE
  database_name = 'livestream' (base.py:2466)
2025-09-15 13:24:54,842 - MainThread - sqlmesh.core.engine_adapter.base - INFO - Executing SQL: /* SQLMESH_PLAN: d6075ab918e84297a47b004fe622065f */ CREATE OR REPLACE TABLE "livestream"."sqlmesh__sqlmesh_example"."sqlmesh_example__full_model__3532441660" AS
SELECT
  CAST("item_id" AS INT) AS "item_id",
  CAST("num_orders" AS BIGINT) AS "num_orders"
FROM (
  SELECT
    "incremental_model"."item_id" AS "item_id",
    COUNT(DISTINCT "incremental_model"."id") AS "num_orders"
  FROM "livestream"."sqlmesh__sqlmesh_example"."sqlmesh_example__incremental_model__2019538" AS "incremental_model"
  GROUP BY
    "incremental_model"."item_id"
) AS "_subquery" (base.py:2466)
2025-09-15 13:24:55,403 - MainThread - sqlmesh.core.snapshot.evaluator - INFO - Auditing snapshot SnapshotId<"livestream"."sqlmesh_example"."full_model": 381372269> (evaluator.py:593)
2025-09-15 13:24:55,411 - MainThread - sqlmesh.core.engine_adapter.base - INFO - Executing SQL: /* SQLMESH_PLAN: d6075ab918e84297a47b004fe622065f */ DESCRIBE "livestream"."sqlmesh__sqlmesh_example"."sqlmesh_example__full_model__3532441660" (base.py:2466)
2025-09-15 13:24:55,421 - MainThread - sqlmesh.core.engine_adapter.base - INFO - Executing SQL: /* SQLMESH_PLAN: d6075ab918e84297a47b004fe622065f */ SELECT
  COUNT(*)
FROM (
  SELECT
    *
  FROM "livestream"."sqlmesh__sqlmesh_example"."sqlmesh_example__full_model__3532441660" AS "sqlmesh_example__full_model__3532441660"
  WHERE
    "item_id" < 0
) AS "audit" (base.py:2466)
2025-09-15 13:24:55,658 - MainThread - sqlmesh.core.state_sync.db.facade - INFO - Adding interval (2025-09-14 00:00:00, 2025-09-15 00:00:00) for snapshot SnapshotId<"livestream"."sqlmesh_example"."full_model": 381372269> (facade.py:622)
2025-09-15 13:24:55,658 - MainThread - sqlmesh.core.state_sync.db.interval - INFO - Pushing intervals for snapshot SnapshotId<"livestream"."sqlmesh_example"."full_model": 381372269> (interval.py:214)
2025-09-15 13:24:57,294 - MainThread - sqlmesh.core.plan.evaluator - INFO - Evaluating plan stage EnvironmentRecordUpdateStage (evaluator.py:125)
2025-09-15 13:24:57,294 - MainThread - sqlmesh.core.state_sync.db.facade - INFO - Promoting environment 'prod' (facade.py:165)
2025-09-15 13:25:00,131 - MainThread - sqlmesh.core.plan.evaluator - INFO - Evaluating plan stage UnpauseStage (evaluator.py:125)
2025-09-15 13:25:00,843 - MainThread - sqlmesh.core.plan.evaluator - INFO - Evaluating plan stage VirtualLayerUpdateStage (evaluator.py:125)
2025-09-15 13:25:00,846 - MainThread - sqlmesh.core.snapshot.evaluator - INFO - Creating schema 'livestream.sqlmesh_example' (evaluator.py:1360)
2025-09-15 13:25:00,847 - MainThread - sqlmesh.core.engine_adapter.base - INFO - Executing SQL: /* SQLMESH_PLAN: d6075ab918e84297a47b004fe622065f */ CREATE SCHEMA IF NOT EXISTS "livestream"."sqlmesh_example" (base.py:2466)
2025-09-15 13:25:01,315 - MainThread - sqlmesh.core.snapshot.evaluator - INFO - Updating view 'livestream.sqlmesh_example.seed_model' to point at table 'livestream.sqlmesh__sqlmesh_example.sqlmesh_example__seed_model__3896887493' (evaluator.py:1732)
2025-09-15 13:25:01,316 - MainThread - sqlmesh.core.engine_adapter.base - INFO - Executing SQL: /* SQLMESH_PLAN: d6075ab918e84297a47b004fe622065f */ SELECT
  CURRENT_CATALOG() (base.py:2466)
2025-09-15 13:25:01,317 - MainThread - sqlmesh.core.engine_adapter.base - INFO - Executing SQL: /* SQLMESH_PLAN: d6075ab918e84297a47b004fe622065f */ SELECT
  CURRENT_CATALOG() (base.py:2466)
2025-09-15 13:25:01,319 - MainThread - sqlmesh.core.engine_adapter.base - INFO - Executing SQL: /* SQLMESH_PLAN: d6075ab918e84297a47b004fe622065f */ SELECT
  table_name AS name,
  table_schema AS schema,
  CASE table_type
    WHEN 'BASE TABLE'
    THEN 'table'
    WHEN 'VIEW'
    THEN 'view'
    WHEN 'LOCAL TEMPORARY'
    THEN 'table'
  END AS type
FROM system.information_schema.tables
WHERE
  (
    table_catalog = 'livestream' AND table_schema = 'sqlmesh_example'
  )
  AND table_name IN ('seed_model') (base.py:2466)
2025-09-15 13:25:01,323 - MainThread - sqlmesh.core.engine_adapter.base - INFO - Executing SQL: /* SQLMESH_PLAN: d6075ab918e84297a47b004fe622065f */ CREATE OR REPLACE VIEW "livestream"."sqlmesh_example"."seed_model" AS
SELECT
  *
FROM "livestream"."sqlmesh__sqlmesh_example"."sqlmesh_example__seed_model__3896887493" (base.py:2466)
2025-09-15 13:25:01,807 - MainThread - sqlmesh.core.snapshot.evaluator - INFO - Updating view 'livestream.sqlmesh_example.incremental_model' to point at table 'livestream.sqlmesh__sqlmesh_example.sqlmesh_example__incremental_model__2019538' (evaluator.py:1732)
2025-09-15 13:25:01,808 - MainThread - sqlmesh.core.engine_adapter.base - INFO - Executing SQL: /* SQLMESH_PLAN: d6075ab918e84297a47b004fe622065f */ SELECT
  CURRENT_CATALOG() (base.py:2466)
2025-09-15 13:25:01,810 - MainThread - sqlmesh.core.engine_adapter.base - INFO - Executing SQL: /* SQLMESH_PLAN: d6075ab918e84297a47b004fe622065f */ SELECT
  CURRENT_CATALOG() (base.py:2466)
2025-09-15 13:25:01,812 - MainThread - sqlmesh.core.engine_adapter.base - INFO - Executing SQL: /* SQLMESH_PLAN: d6075ab918e84297a47b004fe622065f */ SELECT
  table_name AS name,
  table_schema AS schema,
  CASE table_type
    WHEN 'BASE TABLE'
    THEN 'table'
    WHEN 'VIEW'
    THEN 'view'
    WHEN 'LOCAL TEMPORARY'
    THEN 'table'
  END AS type
FROM system.information_schema.tables
WHERE
  (
    table_catalog = 'livestream' AND table_schema = 'sqlmesh_example'
  )
  AND table_name IN ('incremental_model') (base.py:2466)
2025-09-15 13:25:01,816 - MainThread - sqlmesh.core.engine_adapter.base - INFO - Executing SQL: /* SQLMESH_PLAN: d6075ab918e84297a47b004fe622065f */ CREATE OR REPLACE VIEW "livestream"."sqlmesh_example"."incremental_model" AS
SELECT
  *
FROM "livestream"."sqlmesh__sqlmesh_example"."sqlmesh_example__incremental_model__2019538" (base.py:2466)
2025-09-15 13:25:02,302 - MainThread - sqlmesh.core.snapshot.evaluator - INFO - Updating view 'livestream.sqlmesh_example.full_model' to point at table 'livestream.sqlmesh__sqlmesh_example.sqlmesh_example__full_model__3532441660' (evaluator.py:1732)
2025-09-15 13:25:02,305 - MainThread - sqlmesh.core.engine_adapter.base - INFO - Executing SQL: /* SQLMESH_PLAN: d6075ab918e84297a47b004fe622065f */ SELECT
  CURRENT_CATALOG() (base.py:2466)
2025-09-15 13:25:02,308 - MainThread - sqlmesh.core.engine_adapter.base - INFO - Executing SQL: /* SQLMESH_PLAN: d6075ab918e84297a47b004fe622065f */ SELECT
  CURRENT_CATALOG() (base.py:2466)
2025-09-15 13:25:02,315 - MainThread - sqlmesh.core.engine_adapter.base - INFO - Executing SQL: /* SQLMESH_PLAN: d6075ab918e84297a47b004fe622065f */ SELECT
  table_name AS name,
  table_schema AS schema,
  CASE table_type
    WHEN 'BASE TABLE'
    THEN 'table'
    WHEN 'VIEW'
    THEN 'view'
    WHEN 'LOCAL TEMPORARY'
    THEN 'table'
  END AS type
FROM system.information_schema.tables
WHERE
  (
    table_catalog = 'livestream' AND table_schema = 'sqlmesh_example'
  )
  AND table_name IN ('full_model') (base.py:2466)
2025-09-15 13:25:02,324 - MainThread - sqlmesh.core.engine_adapter.base - INFO - Executing SQL: /* SQLMESH_PLAN: d6075ab918e84297a47b004fe622065f */ CREATE OR REPLACE VIEW "livestream"."sqlmesh_example"."full_model" AS
SELECT
  *
FROM "livestream"."sqlmesh__sqlmesh_example"."sqlmesh_example__full_model__3532441660" (base.py:2466)
2025-09-15 13:25:02,930 - MainThread - sqlmesh.core.plan.evaluator - INFO - Evaluating plan stage FinalizeEnvironmentStage (evaluator.py:125)
2025-09-15 13:25:02,931 - MainThread - sqlmesh.core.state_sync.db.environment - INFO - Finalizing environment 'prod' (environment.py:141)
2025-09-15 13:25:03,560 - MainThread - root - INFO - Shutting down the event dispatcher (dispatcher.py:159)
